[debug] [2023-09-09T12:58:36.488Z] ----------------------------------------------------------------------
[debug] [2023-09-09T12:58:36.496Z] Command:       /usr/local/bin/node /usr/local/bin/firebase init
[debug] [2023-09-09T12:58:36.499Z] CLI Version:   12.5.3
[debug] [2023-09-09T12:58:36.500Z] Platform:      linux
[debug] [2023-09-09T12:58:36.501Z] Node Version:  v16.16.0
[debug] [2023-09-09T12:58:36.502Z] Time:          Sat Sep 09 2023 13:58:36 GMT+0100 (West Africa Standard Time)
[debug] [2023-09-09T12:58:36.503Z] ----------------------------------------------------------------------
[debug] 
[debug] [2023-09-09T12:58:36.530Z] > command requires scopes: ["email","openid","https://www.googleapis.com/auth/cloudplatformprojects.readonly","https://www.googleapis.com/auth/firebase","https://www.googleapis.com/auth/cloud-platform"]
[debug] [2023-09-09T12:58:36.532Z] > authorizing via signed-in user (kazdevteam@gmail.com)
[info] 
     ######## #### ########  ######## ########     ###     ######  ########
     ##        ##  ##     ## ##       ##     ##  ##   ##  ##       ##
     ######    ##  ########  ######   ########  #########  ######  ######
     ##        ##  ##    ##  ##       ##     ## ##     ##       ## ##
     ##       #### ##     ## ######## ########  ##     ##  ######  ########

You're about to initialize a Firebase project in this directory:

  /home/freshaluck/programming/personalWork/cinemasngBackend

[info] 
=== Project Setup
[info] 
[info] First, let's associate this project directory with a Firebase project.
[info] You can create multiple project aliases by running firebase use --add, 
[info] but for now we'll just set up a default project.
[info] 
[debug] [2023-09-09T12:58:53.756Z] >>> [apiv2][query] GET https://firebase.googleapis.com/v1beta1/projects pageSize=100
[debug] [2023-09-09T12:58:55.545Z] <<< [apiv2][status] GET https://firebase.googleapis.com/v1beta1/projects 200
[debug] [2023-09-09T12:58:55.547Z] <<< [apiv2][body] GET https://firebase.googleapis.com/v1beta1/projects [omitted]
[info] i  Using project kaz-flyer (kaz-flyer) 
[info] 
=== Hosting Setup
[info] 
[info] Your public directory is the folder (relative to your project directory) that
[info] will contain Hosting assets to be uploaded with firebase deploy. If you
[info] have a build process for your assets, use your build's output directory.
[info] 
[debug] [2023-09-09T12:59:40.401Z] >>> [apiv2][query] GET https://www.gstatic.com/firebasejs/releases.json [none]
[debug] [2023-09-09T12:59:41.195Z] <<< [apiv2][status] GET https://www.gstatic.com/firebasejs/releases.json 200
[debug] [2023-09-09T12:59:41.198Z] <<< [apiv2][body] GET https://www.gstatic.com/firebasejs/releases.json {"current":{"version":"10.3.1","browserURL":"https://www.gstatic.com/firebasejs/10.3.1/firebase.js","packageURL":"https://www.gstatic.com/firebasejs/10.3.1/firebase.tgz"},"live":{"version":"10.3","browserURL":"https://www.gstatic.com/firebasejs/live/10.3/firebase.js","packageURL":"https://www.gstatic.com/firebasejs/live/10.3/firebase.tgz"},"components":{"analytics":"https://www.gstatic.com/firebasejs/10.3.1/firebase-analytics.js","app":"https://www.gstatic.com/firebasejs/10.3.1/firebase-app.js","app-check":"https://www.gstatic.com/firebasejs/10.3.1/firebase-app-check.js","auth":"https://www.gstatic.com/firebasejs/10.3.1/firebase-auth.js","auth/cordova":"https://www.gstatic.com/firebasejs/10.3.1/firebase-auth/cordova.js","functions":"https://www.gstatic.com/firebasejs/10.3.1/firebase-functions.js","firestore":"https://www.gstatic.com/firebasejs/10.3.1/firebase-firestore.js","firestore/lite":"https://www.gstatic.com/firebasejs/10.3.1/firebase-firestore/lite.js","installations":"https://www.gstatic.com/firebasejs/10.3.1/firebase-installations.js","storage":"https://www.gstatic.com/firebasejs/10.3.1/firebase-storage.js","performance":"https://www.gstatic.com/firebasejs/10.3.1/firebase-performance.js","remote-config":"https://www.gstatic.com/firebasejs/10.3.1/firebase-remote-config.js","messaging":"https://www.gstatic.com/firebasejs/10.3.1/firebase-messaging.js","messaging/sw":"https://www.gstatic.com/firebasejs/10.3.1/firebase-messaging/sw.js","database":"https://www.gstatic.com/firebasejs/10.3.1/firebase-database.js","firestore.memory":"https://www.gstatic.com/firebasejs/10.3.1/firebase-firestore.memory.js"}}
[info] ✔  Wrote public/index.html 
[info] 
[info] i  Detected a .git folder at /home/freshaluck/programming/personalWork/cinemasngBackend 
[info] i  Authorizing with GitHub to upload your service account to a GitHub repository's secrets store. 
[info] 
[info] Visit this URL on this device to log in:
[info] https://github.com/login/oauth/authorize?client_id=89cf50f02ac6aaed3484&state=874160406&redirect_uri=http%3A%2F%2Flocalhost%3A9005&scope=read%3Auser%20repo%20public_repo
[info] 
[info] Waiting for authentication...
[debug] [2023-09-09T13:00:05.100Z] >>> [apiv2][query] POST https://github.com/login/oauth/access_token [none]
[debug] [2023-09-09T13:00:05.101Z] >>> [apiv2][body] POST https://github.com/login/oauth/access_token [stream]
[debug] [2023-09-09T13:00:06.103Z] <<< [apiv2][status] POST https://github.com/login/oauth/access_token 200
[debug] [2023-09-09T13:00:06.104Z] <<< [apiv2][body] POST https://github.com/login/oauth/access_token {"access_token":"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","token_type":"bearer","scope":"read:user,repo"}
[debug] [2023-09-09T13:00:06.127Z] >>> [apiv2][query] GET https://api.github.com/user [none]
[debug] [2023-09-09T13:00:07.199Z] <<< [apiv2][status] GET https://api.github.com/user 200
[debug] [2023-09-09T13:00:07.200Z] <<< [apiv2][body] GET https://api.github.com/user {"login":"freshaluck-dan","id":139700281,"node_id":"U_kgDOCFOoOQ","avatar_url":"https://avatars.githubusercontent.com/u/139700281?v=4","gravatar_id":"","url":"https://api.github.com/users/freshaluck-dan","html_url":"https://github.com/freshaluck-dan","followers_url":"https://api.github.com/users/freshaluck-dan/followers","following_url":"https://api.github.com/users/freshaluck-dan/following{/other_user}","gists_url":"https://api.github.com/users/freshaluck-dan/gists{/gist_id}","starred_url":"https://api.github.com/users/freshaluck-dan/starred{/owner}{/repo}","subscriptions_url":"https://api.github.com/users/freshaluck-dan/subscriptions","organizations_url":"https://api.github.com/users/freshaluck-dan/orgs","repos_url":"https://api.github.com/users/freshaluck-dan/repos","events_url":"https://api.github.com/users/freshaluck-dan/events{/privacy}","received_events_url":"https://api.github.com/users/freshaluck-dan/received_events","type":"User","site_admin":false,"name":null,"company":null,"blog":"","location":null,"email":null,"hireable":null,"bio":null,"twitter_username":null,"public_repos":1,"public_gists":0,"followers":0,"following":0,"created_at":"2023-07-16T15:11:16Z","updated_at":"2023-07-16T15:11:16Z","private_gists":0,"total_private_repos":8,"owned_private_repos":8,"disk_usage":166390,"collaborators":0,"two_factor_authentication":false,"plan":{"name":"free","space":976562499,"collaborators":0,"private_repos":10000}}
[info] 
[info] ✔  Success! Logged into GitHub as freshaluck-dan 
[info] 
